<?xml version="1.0" encoding="UTF-8"?>
<testng-results ignored="0" total="2" passed="2" failed="0" skipped="0">
  <reporter-output>
  </reporter-output>
  <suite started-at="2023-12-08T21:24:11 IST" name="Default suite" finished-at="2023-12-08T21:24:16 IST" duration-ms="4951">
    <groups>
    </groups>
    <test started-at="2023-12-08T21:24:11 IST" name="Default test" finished-at="2023-12-08T21:24:16 IST" duration-ms="4951">
      <class name="PracticeForMAVEN.CreateContactDemoTest">
        <test-method signature="m1Test()[pri:0, instance:PracticeForMAVEN.CreateContactDemoTest@298a5e20]" started-at="2023-12-08T21:24:11 IST" name="m1Test" finished-at="2023-12-08T21:24:16 IST" duration-ms="4913" status="PASS">
          <reporter-output>
          </reporter-output>
        </test-method> <!-- m1Test -->
        <test-method signature="m2Test()[pri:0, instance:PracticeForMAVEN.CreateContactDemoTest@298a5e20]" started-at="2023-12-08T21:24:16 IST" name="m2Test" finished-at="2023-12-08T21:24:16 IST" duration-ms="2" status="PASS">
          <reporter-output>
          </reporter-output>
        </test-method> <!-- m2Test -->
      </class> <!-- PracticeForMAVEN.CreateContactDemoTest -->
    </test> <!-- Default test -->
  </suite> <!-- Default suite -->
</testng-results>
